date: "2015-05-08 16:40:28.579"
argv: "c:\\Program Files (x86)\\nodejs\\node.exe c:\\Users\\gaoyangyang\\AppData\\Roaming\\npm\\node_modules\\hexo\\bin\\hexo deploy"
os: Windows_NT 6.2.9200 win32 ia32
versions:
  http_parser: "1.0"
  node: 0.10.33
  v8: 3.14.5.9
  ares: 1.9.0-DEV
  uv: 0.10.29
  zlib: 1.2.3
  modules: "11"
  openssl: 1.0.1j
  hexo: 2.8.3
---
[debug] 16:40:26.464 Config file loaded from d:\hexoblog\_config.yml[debug] 16:40:26.475 Version info checked successfully[debug] 16:40:26.594 Loading database.[debug] 16:40:26.759 Processed: draft.md (5ms)[debug] 16:40:26.759 Processed: page.md (4ms)[debug] 16:40:26.760 Processed: photo.md (5ms)[debug] 16:40:26.760 Processed: post.md (4ms)[debug] 16:40:27.322 Plugin loaded successfully: hexo-deployer-git[debug] 16:40:27.341 Plugin loaded successfully: hexo-generator-baidu-sitemap[debug] 16:40:27.369 Plugin loaded successfully: hexo-generator-feed[debug] 16:40:27.387 Plugin loaded successfully: hexo-generator-sitemap[debug] 16:40:27.429 Plugin loaded successfully: hexo-renderer-ejs[debug] 16:40:27.830 Plugin loaded successfully: hexo-renderer-jade[debug] 16:40:27.872 Plugin loaded successfully: hexo-renderer-marked[debug] 16:40:28.545 Plugin loaded successfully: hexo-renderer-stylus[info] 16:40:28.550 Start deploying: git[error] 16:40:28.556 TypeError: Arguments to path.join must be strings
TypeError: Arguments to path.join must be strings
    at f (path.js:204:15)
    at Object.filter (native)
    at Object.exports.join (path.js:209:40)
    at Object.module.exports [as git] (d:\hexoblog\node_modules\hexo-deployer-git\lib\deployer.js:18:26)
    at c:\Users\gaoyangyang\AppData\Roaming\npm\node_modules\hexo\lib\plugins\console\deploy.js:76:22
    at iterate (c:\Users\gaoyangyang\AppData\Roaming\npm\node_modules\hexo\node_modules\async\lib\async.js:149:13)
    at Object.async.eachSeries (c:\Users\gaoyangyang\AppData\Roaming\npm\node_modules\hexo\node_modules\async\lib\async.js:165:9)
    at c:\Users\gaoyangyang\AppData\Roaming\npm\node_modules\hexo\lib\plugins\console\deploy.js:66:11
    at c:\Users\gaoyangyang\AppData\Roaming\npm\node_modules\hexo\lib\plugins\console\deploy.js:32:27
    at Object.cb [as oncomplete] (evalmachine.<anonymous>:168:19)
